<?xml version="1.0" encoding="UTF-8"?>
<!-- Generated by org.testng.reporters.JUnitReportReporter -->
<testsuite hostname="Goran-PC" name="SeleniumTestJava.testTable" tests="1" failures="0" timestamp="29 Sep 2016 21:03:23 GMT" time="3.552" errors="0">
  <testcase name="checkHovers" time="3.552" classname="SeleniumTestJava.testTable"/>
</testsuite> <!-- SeleniumTestJava.testTable -->
