<?xml version="1.0" encoding="UTF-8"?>
<!-- Generated by org.testng.reporters.JUnitReportReporter -->
<testsuite hostname="Goran-PC" name="SeleniumTestJava.QuandooTest" tests="4" failures="0" timestamp="29 Sep 2016 23:14:14 GMT" time="11.685" errors="0">
  <testcase name="wrongPassword" time="2.219" classname="SeleniumTestJava.QuandooTest"/>
  <testcase name="wrongUser" time="3.033" classname="SeleniumTestJava.QuandooTest"/>
  <testcase name="correctLogIn" time="5.213" classname="SeleniumTestJava.QuandooTest"/>
  <testcase name="checkHovers" time="1.220" classname="SeleniumTestJava.QuandooTest"/>
</testsuite> <!-- SeleniumTestJava.QuandooTest -->
